<?xml version="1.0" encoding="UTF-8"?>
<!-- Generated by org.testng.reporters.JUnitXMLReporter -->
<testsuite ignored="0" hostname="Mayank" failures="0" tests="6" name="Test" time="0.193" errors="0" timestamp="2024-12-09T09:38:21 IST">
  <testcase classname="testBase.BaseClass" name="@BeforeClass setup" time="-1.733717300943E9">
    <failure type="org.testng.TestNGException" message="
Parameter &amp;apos;OS&amp;apos; is required by BeforeClass on method setup but has not been marked @Optional or defined
in C:\Workspace\OPENCART\Alltest.xml">
      <![CDATA[org.testng.TestNGException: 
Parameter 'OS' is required by BeforeClass on method setup but has not been marked @Optional or defined
in C:\Workspace\OPENCART\Alltest.xml
at java.base/java.util.ArrayList.forEach(ArrayList.java:1597)
... Removed 22 stack frames]]>
    </failure>
  </testcase> <!-- @BeforeClass setup -->
  <testcase classname="testBase.BaseClass" name="@AfterClass tearDown" time="-1.733717300967E9">
    <skipped/>
  </testcase> <!-- @AfterClass tearDown -->
  <testcase classname="testBase.BaseClass" name="@BeforeClass setup" time="-1.733717300969E9">
    <failure type="org.testng.TestNGException" message="
Parameter &amp;apos;OS&amp;apos; is required by BeforeClass on method setup but has not been marked @Optional or defined
in C:\Workspace\OPENCART\Alltest.xml">
      <![CDATA[org.testng.TestNGException: 
Parameter 'OS' is required by BeforeClass on method setup but has not been marked @Optional or defined
in C:\Workspace\OPENCART\Alltest.xml
at java.base/java.util.ArrayList.forEach(ArrayList.java:1597)
... Removed 22 stack frames]]>
    </failure>
  </testcase> <!-- @BeforeClass setup -->
  <testcase classname="testBase.BaseClass" name="@AfterClass tearDown" time="-1.733717300972E9">
    <skipped/>
  </testcase> <!-- @AfterClass tearDown -->
  <testcase classname="testBase.BaseClass" name="@BeforeClass setup" time="-1.733717300973E9">
    <failure type="org.testng.TestNGException" message="
Parameter &amp;apos;OS&amp;apos; is required by BeforeClass on method setup but has not been marked @Optional or defined
in C:\Workspace\OPENCART\Alltest.xml">
      <![CDATA[org.testng.TestNGException: 
Parameter 'OS' is required by BeforeClass on method setup but has not been marked @Optional or defined
in C:\Workspace\OPENCART\Alltest.xml
at java.base/java.util.ArrayList.forEach(ArrayList.java:1597)
... Removed 22 stack frames]]>
    </failure>
  </testcase> <!-- @BeforeClass setup -->
  <testcase classname="testBase.BaseClass" name="@AfterClass tearDown" time="-1.733717300975E9">
    <skipped/>
  </testcase> <!-- @AfterClass tearDown -->
  <testcase classname="testBase.BaseClass" name="@BeforeClass setup" time="-1.733717300976E9">
    <failure type="org.testng.TestNGException" message="
Parameter &amp;apos;OS&amp;apos; is required by BeforeClass on method setup but has not been marked @Optional or defined
in C:\Workspace\OPENCART\Alltest.xml">
      <![CDATA[org.testng.TestNGException: 
Parameter 'OS' is required by BeforeClass on method setup but has not been marked @Optional or defined
in C:\Workspace\OPENCART\Alltest.xml
at java.base/java.util.ArrayList.forEach(ArrayList.java:1597)
... Removed 22 stack frames]]>
    </failure>
  </testcase> <!-- @BeforeClass setup -->
  <testcase classname="testBase.BaseClass" name="@AfterClass tearDown" time="-1.733717300978E9">
    <skipped/>
  </testcase> <!-- @AfterClass tearDown -->
  <testcase classname="testBase.BaseClass" name="@BeforeClass setup" time="-1.733717300979E9">
    <failure type="org.testng.TestNGException" message="
Parameter &amp;apos;OS&amp;apos; is required by BeforeClass on method setup but has not been marked @Optional or defined
in C:\Workspace\OPENCART\Alltest.xml">
      <![CDATA[org.testng.TestNGException: 
Parameter 'OS' is required by BeforeClass on method setup but has not been marked @Optional or defined
in C:\Workspace\OPENCART\Alltest.xml
at java.base/java.util.ArrayList.forEach(ArrayList.java:1597)
... Removed 22 stack frames]]>
    </failure>
  </testcase> <!-- @BeforeClass setup -->
  <testcase classname="testBase.BaseClass" name="@AfterClass tearDown" time="-1.733717300981E9">
    <skipped/>
  </testcase> <!-- @AfterClass tearDown -->
  <testcase classname="testBase.BaseClass" name="@BeforeClass setup" time="-1.733717300982E9">
    <failure type="org.testng.TestNGException" message="
Parameter &amp;apos;OS&amp;apos; is required by BeforeClass on method setup but has not been marked @Optional or defined
in C:\Workspace\OPENCART\Alltest.xml">
      <![CDATA[org.testng.TestNGException: 
Parameter 'OS' is required by BeforeClass on method setup but has not been marked @Optional or defined
in C:\Workspace\OPENCART\Alltest.xml
at java.base/java.util.ArrayList.forEach(ArrayList.java:1597)
... Removed 22 stack frames]]>
    </failure>
  </testcase> <!-- @BeforeClass setup -->
  <testcase classname="testBase.BaseClass" name="@AfterClass tearDown" time="-1.733717300984E9">
    <skipped/>
  </testcase> <!-- @AfterClass tearDown -->
  <testcase classname="testCases.TC06_EndToEndTest" name="executeEndToEndTest" time="0.0">
    <skipped/>
  </testcase> <!-- executeEndToEndTest -->
  <testcase classname="testCases.TC03_Logout" name="testLogout" time="0.0">
    <skipped/>
  </testcase> <!-- testLogout -->
  <testcase classname="testCases.TC05_AddToCart" name="testAddToCart" time="0.0">
    <skipped/>
  </testcase> <!-- testAddToCart -->
  <testcase classname="testCases.TC01_AccRegTest" name="verify_acc_reg" time="0.0">
    <skipped/>
  </testcase> <!-- verify_acc_reg -->
  <testcase classname="testCases.TC02_LoginTest" name="verify_login" time="0.0">
    <skipped/>
  </testcase> <!-- verify_login -->
  <testcase classname="testCases.TC04_SearchProduct" name="testProductSearch" time="0.0">
    <skipped/>
  </testcase> <!-- testProductSearch -->
</testsuite> <!-- Test -->
