<!DOCTYPE html PUBLIC "-//W3C//DTD XHTML 1.1//EN" "https://www.w3.org/TR/xhtml11/DTD/xhtml11.dtd">
<html xmlns="https://www.w3.org/1999/xhtml">
<head>
<meta http-equiv="content-type" content="text/html; charset=UTF-8"/>
<title>TestNG Report</title>
<style type="text/css">table {margin-bottom:10px;border-collapse:collapse;empty-cells:show}th,td {border:1px solid #009;padding:.25em .5em}th {vertical-align:bottom}td {vertical-align:top}table a {font-weight:bold}.stripe td {background-color: #E6EBF9}.num {text-align:right}.passedodd td {background-color: #3F3}.passedeven td {background-color: #0A0}.skippedodd td {background-color: #DDD}.skippedeven td {background-color: #CCC}.failedodd td,.attn {background-color: #F33}.failedeven td,.stripe .attn {background-color: #D00}.stacktrace {white-space:pre;font-family:monospace}.totop {font-size:85%;text-align:center;border-bottom:2px solid #000}.invisible {display:none}</style>
</head>
<body>
<table>
<tr><th>Test</th><th># Passed</th><th># Skipped</th><th># Retried</th><th># Failed</th><th>Time (ms)</th><th>Included Groups</th><th>Excluded Groups</th></tr>
<tr><th colspan="8">Suite</th></tr>
<tr><td><a href="#t0">Test</a></td><td class="num">0</td><td class="num attn">6</td><td class="num">0</td><td class="num">0</td><td class="num">193</td><td></td><td></td></tr>
</table>
<table id='summary'><thead><tr><th>Class</th><th>Method</th><th>Start</th><th>Time (ms)</th></tr></thead><tbody><tr><th colspan="4">Suite</th></tr></tbody><tbody id="t0"><tr><th colspan="4">Test &#8212; failed (configuration methods)</th></tr><tr class="failedeven"><td rowspan="1">testCases.TC01_AccRegTest</td><td><a href="#m0">setup</a></td><td rowspan="1">1733717300976</td><td rowspan="1">-1733717300976</td></tr><tr class="failedodd"><td rowspan="1">testCases.TC02_LoginTest</td><td><a href="#m1">setup</a></td><td rowspan="1">1733717300979</td><td rowspan="1">-1733717300979</td></tr><tr class="failedeven"><td rowspan="1">testCases.TC03_Logout</td><td><a href="#m2">setup</a></td><td rowspan="1">1733717300969</td><td rowspan="1">-1733717300969</td></tr><tr class="failedodd"><td rowspan="1">testCases.TC04_SearchProduct</td><td><a href="#m3">setup</a></td><td rowspan="1">1733717300982</td><td rowspan="1">-1733717300982</td></tr><tr class="failedeven"><td rowspan="1">testCases.TC05_AddToCart</td><td><a href="#m4">setup</a></td><td rowspan="1">1733717300973</td><td rowspan="1">-1733717300973</td></tr><tr class="failedodd"><td rowspan="1">testCases.TC06_EndToEndTest</td><td><a href="#m5">setup</a></td><td rowspan="1">1733717300943</td><td rowspan="1">-1733717300943</td></tr><tr><th colspan="4">Test &#8212; skipped (configuration methods)</th></tr><tr class="skippedeven"><td rowspan="1">testCases.TC01_AccRegTest</td><td><a href="#m6">tearDown</a></td><td rowspan="1">1733717300978</td><td rowspan="1">-1733717300978</td></tr><tr class="skippedodd"><td rowspan="1">testCases.TC02_LoginTest</td><td><a href="#m7">tearDown</a></td><td rowspan="1">1733717300981</td><td rowspan="1">-1733717300981</td></tr><tr class="skippedeven"><td rowspan="1">testCases.TC03_Logout</td><td><a href="#m8">tearDown</a></td><td rowspan="1">1733717300972</td><td rowspan="1">-1733717300972</td></tr><tr class="skippedodd"><td rowspan="1">testCases.TC04_SearchProduct</td><td><a href="#m9">tearDown</a></td><td rowspan="1">1733717300984</td><td rowspan="1">-1733717300984</td></tr><tr class="skippedeven"><td rowspan="1">testCases.TC05_AddToCart</td><td><a href="#m10">tearDown</a></td><td rowspan="1">1733717300975</td><td rowspan="1">-1733717300975</td></tr><tr class="skippedodd"><td rowspan="1">testCases.TC06_EndToEndTest</td><td><a href="#m11">tearDown</a></td><td rowspan="1">1733717300967</td><td rowspan="1">-1733717300967</td></tr><tr><th colspan="4">Test &#8212; skipped</th></tr><tr class="skippedeven"><td rowspan="1">testCases.TC01_AccRegTest</td><td><a href="#m12">verify_acc_reg</a></td><td rowspan="1">1733717300977</td><td rowspan="1">0</td></tr><tr class="skippedodd"><td rowspan="1">testCases.TC02_LoginTest</td><td><a href="#m13">verify_login</a></td><td rowspan="1">1733717300980</td><td rowspan="1">0</td></tr><tr class="skippedeven"><td rowspan="1">testCases.TC03_Logout</td><td><a href="#m14">testLogout</a></td><td rowspan="1">1733717300970</td><td rowspan="1">0</td></tr><tr class="skippedodd"><td rowspan="1">testCases.TC04_SearchProduct</td><td><a href="#m15">testProductSearch</a></td><td rowspan="1">1733717300982</td><td rowspan="1">0</td></tr><tr class="skippedeven"><td rowspan="1">testCases.TC05_AddToCart</td><td><a href="#m16">testAddToCart</a></td><td rowspan="1">1733717300974</td><td rowspan="1">0</td></tr><tr class="skippedodd"><td rowspan="1">testCases.TC06_EndToEndTest</td><td><a href="#m17">executeEndToEndTest</a></td><td rowspan="1">1733717300957</td><td rowspan="1">0</td></tr></tbody>
</table>
<h2>Test</h2><h3 id="m0">testCases.TC01_AccRegTest#setup</h3><table class="result"><tr><th>Exception</th></tr><tr><td><div class="stacktrace">org.testng.TestNGException: 
Parameter &apos;OS&apos; is required by BeforeClass on method setup but has not been marked @Optional or defined
in C:\Workspace\OPENCART\Alltest.xml
	at java.base/java.util.ArrayList.forEach(ArrayList.java:1597)
... Removed 22 stack frames</div></td></tr></table><p class="totop"><a href="#summary">back to summary</a></p>
<h3 id="m1">testCases.TC02_LoginTest#setup</h3><table class="result"><tr><th>Exception</th></tr><tr><td><div class="stacktrace">org.testng.TestNGException: 
Parameter &apos;OS&apos; is required by BeforeClass on method setup but has not been marked @Optional or defined
in C:\Workspace\OPENCART\Alltest.xml
	at java.base/java.util.ArrayList.forEach(ArrayList.java:1597)
... Removed 22 stack frames</div></td></tr></table><p class="totop"><a href="#summary">back to summary</a></p>
<h3 id="m2">testCases.TC03_Logout#setup</h3><table class="result"><tr><th>Exception</th></tr><tr><td><div class="stacktrace">org.testng.TestNGException: 
Parameter &apos;OS&apos; is required by BeforeClass on method setup but has not been marked @Optional or defined
in C:\Workspace\OPENCART\Alltest.xml
	at java.base/java.util.ArrayList.forEach(ArrayList.java:1597)
... Removed 22 stack frames</div></td></tr></table><p class="totop"><a href="#summary">back to summary</a></p>
<h3 id="m3">testCases.TC04_SearchProduct#setup</h3><table class="result"><tr><th>Exception</th></tr><tr><td><div class="stacktrace">org.testng.TestNGException: 
Parameter &apos;OS&apos; is required by BeforeClass on method setup but has not been marked @Optional or defined
in C:\Workspace\OPENCART\Alltest.xml
	at java.base/java.util.ArrayList.forEach(ArrayList.java:1597)
... Removed 22 stack frames</div></td></tr></table><p class="totop"><a href="#summary">back to summary</a></p>
<h3 id="m4">testCases.TC05_AddToCart#setup</h3><table class="result"><tr><th>Exception</th></tr><tr><td><div class="stacktrace">org.testng.TestNGException: 
Parameter &apos;OS&apos; is required by BeforeClass on method setup but has not been marked @Optional or defined
in C:\Workspace\OPENCART\Alltest.xml
	at java.base/java.util.ArrayList.forEach(ArrayList.java:1597)
... Removed 22 stack frames</div></td></tr></table><p class="totop"><a href="#summary">back to summary</a></p>
<h3 id="m5">testCases.TC06_EndToEndTest#setup</h3><table class="result"><tr><th>Exception</th></tr><tr><td><div class="stacktrace">org.testng.TestNGException: 
Parameter &apos;OS&apos; is required by BeforeClass on method setup but has not been marked @Optional or defined
in C:\Workspace\OPENCART\Alltest.xml
	at java.base/java.util.ArrayList.forEach(ArrayList.java:1597)
... Removed 22 stack frames</div></td></tr></table><p class="totop"><a href="#summary">back to summary</a></p>
<h3 id="m6">testCases.TC01_AccRegTest#tearDown</h3><table class="result"><tr><th class="invisible"/></tr></table><p class="totop"><a href="#summary">back to summary</a></p>
<h3 id="m7">testCases.TC02_LoginTest#tearDown</h3><table class="result"><tr><th class="invisible"/></tr></table><p class="totop"><a href="#summary">back to summary</a></p>
<h3 id="m8">testCases.TC03_Logout#tearDown</h3><table class="result"><tr><th class="invisible"/></tr></table><p class="totop"><a href="#summary">back to summary</a></p>
<h3 id="m9">testCases.TC04_SearchProduct#tearDown</h3><table class="result"><tr><th class="invisible"/></tr></table><p class="totop"><a href="#summary">back to summary</a></p>
<h3 id="m10">testCases.TC05_AddToCart#tearDown</h3><table class="result"><tr><th class="invisible"/></tr></table><p class="totop"><a href="#summary">back to summary</a></p>
<h3 id="m11">testCases.TC06_EndToEndTest#tearDown</h3><table class="result"><tr><th class="invisible"/></tr></table><p class="totop"><a href="#summary">back to summary</a></p>
<h3 id="m12">testCases.TC01_AccRegTest#verify_acc_reg</h3><table class="result"><tr><th>Exception</th></tr><tr><td><div class="stacktrace">org.testng.TestNGException: 
Parameter &apos;OS&apos; is required by BeforeClass on method setup but has not been marked @Optional or defined
in C:\Workspace\OPENCART\Alltest.xml
	at java.base/java.util.ArrayList.forEach(ArrayList.java:1597)
... Removed 22 stack frames</div></td></tr></table><p class="totop"><a href="#summary">back to summary</a></p>
<h3 id="m13">testCases.TC02_LoginTest#verify_login</h3><table class="result"><tr><th>Exception</th></tr><tr><td><div class="stacktrace">org.testng.TestNGException: 
Parameter &apos;OS&apos; is required by BeforeClass on method setup but has not been marked @Optional or defined
in C:\Workspace\OPENCART\Alltest.xml
	at java.base/java.util.ArrayList.forEach(ArrayList.java:1597)
... Removed 22 stack frames</div></td></tr></table><p class="totop"><a href="#summary">back to summary</a></p>
<h3 id="m14">testCases.TC03_Logout#testLogout</h3><table class="result"><tr><th>Exception</th></tr><tr><td><div class="stacktrace">org.testng.TestNGException: 
Parameter &apos;OS&apos; is required by BeforeClass on method setup but has not been marked @Optional or defined
in C:\Workspace\OPENCART\Alltest.xml
	at java.base/java.util.ArrayList.forEach(ArrayList.java:1597)
... Removed 22 stack frames</div></td></tr></table><p class="totop"><a href="#summary">back to summary</a></p>
<h3 id="m15">testCases.TC04_SearchProduct#testProductSearch</h3><table class="result"><tr><th>Exception</th></tr><tr><td><div class="stacktrace">org.testng.TestNGException: 
Parameter &apos;OS&apos; is required by BeforeClass on method setup but has not been marked @Optional or defined
in C:\Workspace\OPENCART\Alltest.xml
	at java.base/java.util.ArrayList.forEach(ArrayList.java:1597)
... Removed 22 stack frames</div></td></tr></table><p class="totop"><a href="#summary">back to summary</a></p>
<h3 id="m16">testCases.TC05_AddToCart#testAddToCart</h3><table class="result"><tr><th>Exception</th></tr><tr><td><div class="stacktrace">org.testng.TestNGException: 
Parameter &apos;OS&apos; is required by BeforeClass on method setup but has not been marked @Optional or defined
in C:\Workspace\OPENCART\Alltest.xml
	at java.base/java.util.ArrayList.forEach(ArrayList.java:1597)
... Removed 22 stack frames</div></td></tr></table><p class="totop"><a href="#summary">back to summary</a></p>
<h3 id="m17">testCases.TC06_EndToEndTest#executeEndToEndTest</h3><table class="result"><tr><th>Exception</th></tr><tr><td><div class="stacktrace">org.testng.TestNGException: 
Parameter &apos;OS&apos; is required by BeforeClass on method setup but has not been marked @Optional or defined
in C:\Workspace\OPENCART\Alltest.xml
	at java.base/java.util.ArrayList.forEach(ArrayList.java:1597)
... Removed 22 stack frames</div></td></tr></table><p class="totop"><a href="#summary">back to summary</a></p>
</body>
</html>
